\BOOKMARK [1][-]{section.1}{Begriffe}{}% 1
\BOOKMARK [2][-]{subsection.1.1}{Geodaten}{section.1}% 2
\BOOKMARK [2][-]{subsection.1.2}{Metadaten}{section.1}% 3
\BOOKMARK [2][-]{subsection.1.3}{Linked Open Data}{section.1}% 4
\BOOKMARK [2][-]{subsection.1.4}{LinkedGeoData}{section.1}% 5
\BOOKMARK [2][-]{subsection.1.5}{Abfragesprachen}{section.1}% 6
\BOOKMARK [2][-]{subsection.1.6}{Tripel}{section.1}% 7
\BOOKMARK [2][-]{subsection.1.7}{URI}{section.1}% 8
\BOOKMARK [2][-]{subsection.1.8}{API}{section.1}% 9
\BOOKMARK [2][-]{subsection.1.9}{Datenbankensystem}{section.1}% 10
\BOOKMARK [2][-]{subsection.1.10}{OpenStreetMap}{section.1}% 11
\BOOKMARK [2][-]{subsection.1.11}{Ontologie}{section.1}% 12
\BOOKMARK [2][-]{subsection.1.12}{Graph}{section.1}% 13
\BOOKMARK [1][-]{section.2}{Konzepte}{}% 14
\BOOKMARK [2][-]{subsection.2.1}{Sematisches Web}{section.2}% 15
\BOOKMARK [2][-]{subsection.2.2}{Graphdatenbanken}{section.2}% 16
\BOOKMARK [2][-]{subsection.2.3}{RDF}{section.2}% 17
\BOOKMARK [2][-]{subsection.2.4}{FOAF \(Friend of a Friend\)}{section.2}% 18
\BOOKMARK [2][-]{subsection.2.5}{SPARQL}{section.2}% 19
\BOOKMARK [2][-]{subsection.2.6}{OWL}{section.2}% 20
\BOOKMARK [2][-]{subsection.2.7}{XML}{section.2}% 21
\BOOKMARK [1][-]{section.3}{Aspekte}{}% 22
\BOOKMARK [2][-]{subsection.3.1}{Einleitung}{section.3}% 23
\BOOKMARK [2][-]{subsection.3.2}{Ziel}{section.3}% 24
\BOOKMARK [2][-]{subsection.3.3}{Vergleichbare Projekte}{section.3}% 25
\BOOKMARK [2][-]{subsection.3.4}{Probleme}{section.3}% 26
\BOOKMARK [1][-]{section.4}{Quellen}{}% 27
