\BOOKMARK [1][-]{section.1}{Begriffe}{}% 1
\BOOKMARK [2][-]{subsection.1.1}{Abfragesprachen}{section.1}% 2
\BOOKMARK [2][-]{subsection.1.2}{API}{section.1}% 3
\BOOKMARK [2][-]{subsection.1.3}{Bower}{section.1}% 4
\BOOKMARK [2][-]{subsection.1.4}{Camel-Case}{section.1}% 5
\BOOKMARK [2][-]{subsection.1.5}{Client}{section.1}% 6
\BOOKMARK [2][-]{subsection.1.6}{Codechecker}{section.1}% 7
\BOOKMARK [2][-]{subsection.1.7}{Codeconvention}{section.1}% 8
\BOOKMARK [2][-]{subsection.1.8}{Codingstandards}{section.1}% 9
\BOOKMARK [2][-]{subsection.1.9}{Compiler}{section.1}% 10
\BOOKMARK [2][-]{subsection.1.10}{Datenbankensystem}{section.1}% 11
\BOOKMARK [2][-]{subsection.1.11}{Entwicklungsumgebung}{section.1}% 12
\BOOKMARK [2][-]{subsection.1.12}{Framework}{section.1}% 13
\BOOKMARK [2][-]{subsection.1.13}{Geodaten}{section.1}% 14
\BOOKMARK [2][-]{subsection.1.14}{Git}{section.1}% 15
\BOOKMARK [2][-]{subsection.1.15}{Google Maps API}{section.1}% 16
\BOOKMARK [2][-]{subsection.1.16}{Graph}{section.1}% 17
\BOOKMARK [2][-]{subsection.1.17}{GUI\(graphical user interface\)}{section.1}% 18
\BOOKMARK [2][-]{subsection.1.18}{IDE}{section.1}% 19
\BOOKMARK [2][-]{subsection.1.19}{JavaScript}{section.1}% 20
\BOOKMARK [2][-]{subsection.1.20}{Jasmine}{section.1}% 21
\BOOKMARK [2][-]{subsection.1.21}{JamJS}{section.1}% 22
\BOOKMARK [2][-]{subsection.1.22}{JQuery}{section.1}% 23
\BOOKMARK [2][-]{subsection.1.23}{JSUnit}{section.1}% 24
\BOOKMARK [2][-]{subsection.1.24}{Linked Open Data}{section.1}% 25
\BOOKMARK [2][-]{subsection.1.25}{LinkedGeoData}{section.1}% 26
\BOOKMARK [2][-]{subsection.1.26}{Metadaten}{section.1}% 27
\BOOKMARK [2][-]{subsection.1.27}{Ontologie}{section.1}% 28
\BOOKMARK [2][-]{subsection.1.28}{OpenStreetMap}{section.1}% 29
\BOOKMARK [2][-]{subsection.1.29}{Phaser}{section.1}% 30
\BOOKMARK [2][-]{subsection.1.30}{Plattformunabh\344ngig}{section.1}% 31
\BOOKMARK [2][-]{subsection.1.31}{Programmcode}{section.1}% 32
\BOOKMARK [2][-]{subsection.1.32}{Programmierstandards}{section.1}% 33
\BOOKMARK [2][-]{subsection.1.33}{Quelltext}{section.1}% 34
\BOOKMARK [2][-]{subsection.1.34}{Server}{section.1}% 35
\BOOKMARK [2][-]{subsection.1.35}{Tripel}{section.1}% 36
\BOOKMARK [2][-]{subsection.1.36}{URI}{section.1}% 37
\BOOKMARK [2][-]{subsection.1.37}{Versionskontrollsystem}{section.1}% 38
\BOOKMARK [1][-]{section.2}{Konzepte}{}% 39
\BOOKMARK [2][-]{subsection.2.1}{CSS}{section.2}% 40
\BOOKMARK [2][-]{subsection.2.2}{FOAF \(Friend of a Friend\)}{section.2}% 41
\BOOKMARK [2][-]{subsection.2.3}{Graphdatenbanken}{section.2}% 42
\BOOKMARK [2][-]{subsection.2.4}{HTML}{section.2}% 43
\BOOKMARK [2][-]{subsection.2.5}{KML}{section.2}% 44
\BOOKMARK [2][-]{subsection.2.6}{MVC}{section.2}% 45
\BOOKMARK [2][-]{subsection.2.7}{Open-Source}{section.2}% 46
\BOOKMARK [2][-]{subsection.2.8}{OWL}{section.2}% 47
\BOOKMARK [2][-]{subsection.2.9}{RDF}{section.2}% 48
\BOOKMARK [2][-]{subsection.2.10}{Sematisches Web}{section.2}% 49
\BOOKMARK [2][-]{subsection.2.11}{SPARQL}{section.2}% 50
\BOOKMARK [2][-]{subsection.2.12}{XML}{section.2}% 51
\BOOKMARK [1][-]{section.3}{Quellen}{}% 52
