\BOOKMARK [1][-]{section.1}{Begriffe}{}% 1
\BOOKMARK [2][-]{subsection.1.1}{Geodaten}{section.1}% 2
\BOOKMARK [2][-]{subsection.1.2}{Metadaten}{section.1}% 3
\BOOKMARK [2][-]{subsection.1.3}{Linked Open Data}{section.1}% 4
\BOOKMARK [2][-]{subsection.1.4}{LinkedGeoData}{section.1}% 5
\BOOKMARK [2][-]{subsection.1.5}{Abfragesprachen}{section.1}% 6
\BOOKMARK [2][-]{subsection.1.6}{Tripel}{section.1}% 7
\BOOKMARK [2][-]{subsection.1.7}{URI}{section.1}% 8
\BOOKMARK [2][-]{subsection.1.8}{API}{section.1}% 9
\BOOKMARK [2][-]{subsection.1.9}{Datenbankensystem}{section.1}% 10
\BOOKMARK [2][-]{subsection.1.10}{OpenStreetMap}{section.1}% 11
\BOOKMARK [2][-]{subsection.1.11}{Ontologie}{section.1}% 12
\BOOKMARK [2][-]{subsection.1.12}{Graph}{section.1}% 13
\BOOKMARK [2][-]{subsection.1.13}{Camel-Case}{section.1}% 14
\BOOKMARK [2][-]{subsection.1.14}{Codechecker}{section.1}% 15
\BOOKMARK [2][-]{subsection.1.15}{Codeconvention}{section.1}% 16
\BOOKMARK [2][-]{subsection.1.16}{Codingstandards}{section.1}% 17
\BOOKMARK [2][-]{subsection.1.17}{Entwicklungsumgebung}{section.1}% 18
\BOOKMARK [2][-]{subsection.1.18}{Compiler}{section.1}% 19
\BOOKMARK [2][-]{subsection.1.19}{Git}{section.1}% 20
\BOOKMARK [2][-]{subsection.1.20}{IDE}{section.1}% 21
\BOOKMARK [2][-]{subsection.1.21}{Plattformunabh\344ngig}{section.1}% 22
\BOOKMARK [2][-]{subsection.1.22}{Programmcode}{section.1}% 23
\BOOKMARK [2][-]{subsection.1.23}{Programmierstandards}{section.1}% 24
\BOOKMARK [2][-]{subsection.1.24}{Quelltext}{section.1}% 25
\BOOKMARK [2][-]{subsection.1.25}{GUI\(graphical user interface\)}{section.1}% 26
\BOOKMARK [2][-]{subsection.1.26}{JavaScript}{section.1}% 27
\BOOKMARK [2][-]{subsection.1.27}{Framework}{section.1}% 28
\BOOKMARK [2][-]{subsection.1.28}{JUnit}{section.1}% 29
\BOOKMARK [2][-]{subsection.1.29}{JSUnit}{section.1}% 30
\BOOKMARK [1][-]{section.2}{Konzepte}{}% 31
\BOOKMARK [2][-]{subsection.2.1}{Sematisches Web}{section.2}% 32
\BOOKMARK [2][-]{subsection.2.2}{Graphdatenbanken}{section.2}% 33
\BOOKMARK [2][-]{subsection.2.3}{RDF}{section.2}% 34
\BOOKMARK [2][-]{subsection.2.4}{FOAF \(Friend of a Friend\)}{section.2}% 35
\BOOKMARK [2][-]{subsection.2.5}{SPARQL}{section.2}% 36
\BOOKMARK [2][-]{subsection.2.6}{OWL}{section.2}% 37
\BOOKMARK [2][-]{subsection.2.7}{XML}{section.2}% 38
\BOOKMARK [1][-]{section.3}{Aspekte}{}% 39
\BOOKMARK [2][-]{subsection.3.1}{Einleitung}{section.3}% 40
\BOOKMARK [2][-]{subsection.3.2}{Ziel}{section.3}% 41
\BOOKMARK [2][-]{subsection.3.3}{Vergleichbare Projekte}{section.3}% 42
\BOOKMARK [2][-]{subsection.3.4}{Probleme}{section.3}% 43
\BOOKMARK [1][-]{section.4}{Quellen}{}% 44
