\BOOKMARK [1][-]{section.1}{Projektvision}{}% 1
\BOOKMARK [2][-]{subsection.1.1}{Ziele}{section.1}% 2
\BOOKMARK [2][-]{subsection.1.2}{Rahmenbedingungen}{section.1}% 3
\BOOKMARK [2][-]{subsection.1.3}{Kontext und \334berblick}{section.1}% 4
\BOOKMARK [2][-]{subsection.1.4}{Qualit\344tsanforderungen}{section.1}% 5
\BOOKMARK [1][-]{section.2}{Vorraussetzungen}{}% 6
\BOOKMARK [1][-]{section.3}{Design\374bersicht und Funktionalit\344t}{}% 7
\BOOKMARK [2][-]{subsection.3.1}{Nutzer Use Case}{section.3}% 8
\BOOKMARK [1][-]{section.4}{Arbeitspakete}{}% 9
\BOOKMARK [2][-]{subsection.4.1}{Anforderungspaket Interface \(56 Punkte\)}{section.4}% 10
\BOOKMARK [2][-]{subsection.4.2}{Anforderungspaket Gamedesign \(12 Punkte\)}{section.4}% 11
\BOOKMARK [2][-]{subsection.4.3}{Anforderungspaket Highscores \(11 Punkte\)}{section.4}% 12
\BOOKMARK [2][-]{subsection.4.4}{Anforderungspaket Mapcreation \(45 Punkte\)}{section.4}% 13
\BOOKMARK [1][-]{section.5}{Qualit\344tssicherung}{}% 14
\BOOKMARK [2][-]{subsection.5.1}{Dokumentationskonzept}{section.5}% 15
\BOOKMARK [3][-]{subsubsection.5.1.1}{Programmierstandards}{subsection.5.1}% 16
\BOOKMARK [3][-]{subsubsection.5.1.2}{Quelltextdokumentation}{subsection.5.1}% 17
\BOOKMARK [3][-]{subsubsection.5.1.3}{Beispielcode}{subsection.5.1}% 18
\BOOKMARK [2][-]{subsection.5.2}{Testkonzept}{section.5}% 19
\BOOKMARK [2][-]{subsection.5.3}{Organisatorische Festlegungen}{section.5}% 20
\BOOKMARK [1][-]{section.6}{Glossar}{}% 21
